<?xml version="1.0" encoding="UTF-8"?>
<!-- Generated by org.testng.reporters.JUnitReportReporter -->
<testsuite hostname="DESKTOP-5UI1TGH" failures="0" tests="1" name="testCases.TC001_AccountRegistrationTest" time="4.726" errors="0" timestamp="2024-11-14T08:01:10 GMT-08:00" skipped="0">
  <testcase classname="testCases.TC001_AccountRegistrationTest" name="verify_account_registration" time="4.726"/>
</testsuite> <!-- testCases.TC001_AccountRegistrationTest -->
