<?xml version="1.0" encoding="UTF-8"?>
<!-- Generated by org.testng.reporters.JUnitReportReporter -->
<testsuite hostname="DESKTOP-5UI1TGH" failures="0" tests="1" name="testCases.TC002_LoginTest" time="2.111" errors="0" timestamp="2024-11-15T06:26:37 GMT-08:00" skipped="0">
  <testcase classname="testCases.TC002_LoginTest" name="verify_login" time="2.111"/>
</testsuite> <!-- testCases.TC002_LoginTest -->
